e:\onedrive\程序代码\repos\mprotect\mprotect\debug\mprotect.pch
e:\onedrive\程序代码\repos\mprotect\mprotect\debug\vc140.pdb
e:\onedrive\程序代码\repos\mprotect\mprotect\debug\vc140.idb
e:\onedrive\程序代码\repos\mprotect\mprotect\debug\stdafx.obj
e:\onedrive\程序代码\repos\mprotect\mprotect\debug\dlgprocessisolate.obj
e:\onedrive\程序代码\repos\mprotect\mprotect\debug\dlgprocessprotect.obj
e:\onedrive\程序代码\repos\mprotect\mprotect\debug\driverhelp.obj
e:\onedrive\程序代码\repos\mprotect\mprotect\debug\mprotect.obj
e:\onedrive\程序代码\repos\mprotect\mprotect\debug\mprotectdlg.obj
e:\onedrive\程序代码\repos\mprotect\debug\mprotect.ilk
e:\onedrive\程序代码\repos\mprotect\debug\mprotect.exe
e:\onedrive\程序代码\repos\mprotect\debug\mprotect.pdb
e:\onedrive\程序代码\repos\mprotect\mprotect\debug\mprotect.res
e:\onedrive\程序代码\repos\mprotect\mprotect\debug\mprotect.tlog\cl.command.1.tlog
e:\onedrive\程序代码\repos\mprotect\mprotect\debug\mprotect.tlog\cl.read.1.tlog
e:\onedrive\程序代码\repos\mprotect\mprotect\debug\mprotect.tlog\cl.write.1.tlog
e:\onedrive\程序代码\repos\mprotect\mprotect\debug\mprotect.tlog\link.command.1.tlog
e:\onedrive\程序代码\repos\mprotect\mprotect\debug\mprotect.tlog\link.read.1.tlog
e:\onedrive\程序代码\repos\mprotect\mprotect\debug\mprotect.tlog\link.write.1.tlog
e:\onedrive\程序代码\repos\mprotect\mprotect\debug\mprotect.tlog\rc.command.1.tlog
e:\onedrive\程序代码\repos\mprotect\mprotect\debug\mprotect.tlog\rc.read.1.tlog
e:\onedrive\程序代码\repos\mprotect\mprotect\debug\mprotect.tlog\rc.write.1.tlog
