e:\onedrive\程序代码\repos\mprotect\ddimon\debug\vc140.pdb
e:\onedrive\程序代码\repos\mprotect\ddimon\debug\ddi_mon.obj
e:\onedrive\程序代码\repos\mprotect\ddimon\debug\vmm.obj
e:\onedrive\程序代码\repos\mprotect\ddimon\debug\vm.obj
e:\onedrive\程序代码\repos\mprotect\ddimon\debug\util.obj
e:\onedrive\程序代码\repos\mprotect\ddimon\debug\power_callback.obj
e:\onedrive\程序代码\repos\mprotect\ddimon\debug\performance.obj
e:\onedrive\程序代码\repos\mprotect\ddimon\debug\log.obj
e:\onedrive\程序代码\repos\mprotect\ddimon\debug\kernel_stl.obj
e:\onedrive\程序代码\repos\mprotect\ddimon\debug\hotplug_callback.obj
e:\onedrive\程序代码\repos\mprotect\ddimon\debug\global_object.obj
e:\onedrive\程序代码\repos\mprotect\ddimon\debug\ept.obj
e:\onedrive\程序代码\repos\mprotect\ddimon\debug\driver.obj
e:\onedrive\程序代码\repos\mprotect\ddimon\debug\ktdi.obj
e:\onedrive\程序代码\repos\mprotect\ddimon\debug\ksocket.obj
e:\onedrive\程序代码\repos\mprotect\ddimon\debug\shadow_hook.obj
e:\onedrive\程序代码\repos\mprotect\ddimon\debug\mdk.obj
e:\onedrive\程序代码\repos\mprotect\ddimon\debug\x86.obj
e:\onedrive\程序代码\repos\mprotect\debug\ddimon\ddimon.cat
e:\onedrive\程序代码\repos\mprotect\debug\ddimon.sys
e:\onedrive\程序代码\repos\mprotect\debug\ddimon.pdb
e:\onedrive\程序代码\repos\mprotect\ddimon\debug\ddimon.inf
e:\onedrive\程序代码\repos\mprotect\debug\ddimon.inf
e:\onedrive\程序代码\repos\mprotect\ddimon\debug\ddimon.tlog\cl.command.1.tlog
e:\onedrive\程序代码\repos\mprotect\ddimon\debug\ddimon.tlog\cl.read.1.tlog
e:\onedrive\程序代码\repos\mprotect\ddimon\debug\ddimon.tlog\cl.write.1.tlog
e:\onedrive\程序代码\repos\mprotect\ddimon\debug\ddimon.tlog\ddimon.write.1u.tlog
e:\onedrive\程序代码\repos\mprotect\ddimon\debug\ddimon.tlog\inf2cat-expand.10192.read.1.tlog
e:\onedrive\程序代码\repos\mprotect\ddimon\debug\ddimon.tlog\inf2cat-expand.10192.write.1.tlog
e:\onedrive\程序代码\repos\mprotect\ddimon\debug\ddimon.tlog\inf2cat-expand.11968.read.1.tlog
e:\onedrive\程序代码\repos\mprotect\ddimon\debug\ddimon.tlog\inf2cat-expand.11968.write.1.tlog
e:\onedrive\程序代码\repos\mprotect\ddimon\debug\ddimon.tlog\inf2cat-expand.14464.read.1.tlog
e:\onedrive\程序代码\repos\mprotect\ddimon\debug\ddimon.tlog\inf2cat-expand.14464.write.1.tlog
e:\onedrive\程序代码\repos\mprotect\ddimon\debug\ddimon.tlog\inf2cat-expand.15484.read.1.tlog
e:\onedrive\程序代码\repos\mprotect\ddimon\debug\ddimon.tlog\inf2cat-expand.15484.write.1.tlog
e:\onedrive\程序代码\repos\mprotect\ddimon\debug\ddimon.tlog\inf2cat-expand.16104.read.1.tlog
e:\onedrive\程序代码\repos\mprotect\ddimon\debug\ddimon.tlog\inf2cat-expand.16104.write.1.tlog
e:\onedrive\程序代码\repos\mprotect\ddimon\debug\ddimon.tlog\inf2cat-expand.16244.read.1.tlog
e:\onedrive\程序代码\repos\mprotect\ddimon\debug\ddimon.tlog\inf2cat-expand.16244.write.1.tlog
e:\onedrive\程序代码\repos\mprotect\ddimon\debug\ddimon.tlog\inf2cat-expand.3460.read.1.tlog
e:\onedrive\程序代码\repos\mprotect\ddimon\debug\ddimon.tlog\inf2cat-expand.3460.write.1.tlog
e:\onedrive\程序代码\repos\mprotect\ddimon\debug\ddimon.tlog\inf2cat-expand.4260.read.1.tlog
e:\onedrive\程序代码\repos\mprotect\ddimon\debug\ddimon.tlog\inf2cat-expand.4260.write.1.tlog
e:\onedrive\程序代码\repos\mprotect\ddimon\debug\ddimon.tlog\inf2cat-expand.8472.read.1.tlog
e:\onedrive\程序代码\repos\mprotect\ddimon\debug\ddimon.tlog\inf2cat-expand.8472.write.1.tlog
e:\onedrive\程序代码\repos\mprotect\ddimon\debug\ddimon.tlog\inf2cat-expand.9100.read.1.tlog
e:\onedrive\程序代码\repos\mprotect\ddimon\debug\ddimon.tlog\inf2cat-expand.9100.write.1.tlog
e:\onedrive\程序代码\repos\mprotect\ddimon\debug\ddimon.tlog\inf2cat-expand.9500.read.1.tlog
e:\onedrive\程序代码\repos\mprotect\ddimon\debug\ddimon.tlog\inf2cat-expand.9500.write.1.tlog
e:\onedrive\程序代码\repos\mprotect\ddimon\debug\ddimon.tlog\inf2cat-expand.read.1.tlog
e:\onedrive\程序代码\repos\mprotect\ddimon\debug\ddimon.tlog\inf2cat-expand.write.1.tlog
e:\onedrive\程序代码\repos\mprotect\ddimon\debug\ddimon.tlog\inf2cat.command.1.tlog
e:\onedrive\程序代码\repos\mprotect\ddimon\debug\ddimon.tlog\inf2cat.read.1.tlog
e:\onedrive\程序代码\repos\mprotect\ddimon\debug\ddimon.tlog\inf2cat.read.8.tlog
e:\onedrive\程序代码\repos\mprotect\ddimon\debug\ddimon.tlog\inf2cat.write.1.tlog
e:\onedrive\程序代码\repos\mprotect\ddimon\debug\ddimon.tlog\inf2cat.write.8.tlog
e:\onedrive\程序代码\repos\mprotect\ddimon\debug\ddimon.tlog\link.command.1.tlog
e:\onedrive\程序代码\repos\mprotect\ddimon\debug\ddimon.tlog\link.read.1.tlog
e:\onedrive\程序代码\repos\mprotect\ddimon\debug\ddimon.tlog\link.write.1.tlog
e:\onedrive\程序代码\repos\mprotect\ddimon\debug\ddimon.tlog\stampinf.command.1.tlog
e:\onedrive\程序代码\repos\mprotect\ddimon\debug\ddimon.tlog\stampinf.read.1.tlog
e:\onedrive\程序代码\repos\mprotect\ddimon\debug\ddimon.tlog\stampinf.write.1.tlog
