  Building 'capstone_static_winkernel' with toolset 'WindowsKernelModeDriver10.0' and the 'Desktop' target platform.
  AArch64BaseInfo.c
  AArch64Disassembler.c
  AArch64InstPrinter.c
  AArch64Mapping.c
  AArch64Module.c
  ARMDisassembler.c
  ARMInstPrinter.c
  ARMMapping.c
  ARMModule.c
  MipsDisassembler.c
  MipsInstPrinter.c
  MipsMapping.c
  MipsModule.c
  PPCDisassembler.c
  PPCInstPrinter.c
  PPCMapping.c
  PPCModule.c
  SparcDisassembler.c
  SparcInstPrinter.c
  SparcMapping.c
  正在生成代码...
  正在编译...
  SparcModule.c
  SystemZDisassembler.c
  SystemZInstPrinter.c
  SystemZMapping.c
  SystemZMCTargetDesc.c
  SystemZModule.c
  X86ATTInstPrinter.c
  X86Disassembler.c
  X86DisassemblerDecoder.c
  X86IntelInstPrinter.c
  X86Mapping.c
  X86Module.c
  XCoreInstPrinter.c
  XCoreDisassembler.c
  XCoreMapping.c
  XCoreModule.c
  cs.c
  MCInst.c
  MCInstrDesc.c
  MCRegisterInfo.c
  正在生成代码...
  正在编译...
  SStream.c
  utils.c
  winkernel_mm.c
  正在生成代码...
  capstone_static_winkernel.vcxproj -> E:\OneDrive\程序代码\Repos\MProtect\Debug\capstone_static_winkernel.lib
